<?xml version="1.0" encoding="UTF-8"?>
<testsuite xmlns:xsi="http://www.w3.org/2001/XMLSchema-instance" xsi:noNamespaceSchemaLocation="https://maven.apache.org/surefire/maven-surefire-plugin/xsd/surefire-test-report.xsd" version="3.0.2" name="Test.TestRunner" time="14.903" tests="11" errors="0" skipped="0" failures="0">
  <properties>
[...]
</properties>
  <testcase name="User Registration" classname="Online Food Delivery Management System API Testing" time="11.263">
    <system-out><![CDATA[
Scenario: User Registration                                                # src/test/resources/Feature/Food.feature:9
  Given the server is running                                              # Steps.OnlineFood.the_server_i_running()
  When I send a POST request to "/users/register" with the following body: # Steps.OnlineFood.i_send_a_post_request_to_with_the_following_body(java.lang.String,io.cucumber.datatable.DataTable)
    | username | password | email             |
    | user6    | pass6    | user6@example.com |
  Then the response status should be 201                                   # Steps.OnlineFood.the_response_status_should_be(int)
  And the response should contain the user's details                       # Steps.OnlineFood.the_response_should_contain_the_user_s_details()
]]></system-out>
  </testcase>
  <testcase name="User Login" classname="Online Food Delivery Management System API Testing" time="0.264">
    <system-out><![CDATA[
Scenario: User Login                                                    # src/test/resources/Feature/Food.feature:16
  Given the server is running                                           # Steps.OnlineFood.the_server_i_running()
  When I send a POST request to "/users/login" with the following body: # Steps.OnlineFood.i_send_a_post_request_to_with_the_following_body(java.lang.String,io.cucumber.datatable.DataTable)
    | username | password |
    | user5    | pass5    |
  Then the response status should be 200                                # Steps.OnlineFood.the_response_status_should_be(int)
  And the response should contain the message "Login successful"        # Steps.OnlineFood.the_response_should_contain_the_message(java.lang.String)
]]></system-out>
  </testcase>
  <testcase name="Get All Users" classname="Online Food Delivery Management System API Testing" time="0.124">
    <system-out><![CDATA[
Scenario: Get All Users                           # src/test/resources/Feature/Food.feature:23
  Given the server is running                     # Steps.OnlineFood.the_server_i_running()
  When I send a GET request to "/users"           # Steps.OnlineFood.i_send_a_get_request_to(java.lang.String)
  Then the response status should be 200          # Steps.OnlineFood.the_response_status_should_be(int)
  And the response should contain a list of users # Steps.OnlineFood.the_response_should_contain_a_list_of_users()
]]></system-out>
  </testcase>
  <testcase name="Create a Restaurant" classname="Online Food Delivery Management System API Testing" time="0.176">
    <system-out><![CDATA[
Scenario: Create a Restaurant                                           # src/test/resources/Feature/Food.feature:28
  Given the server is running                                           # Steps.OnlineFood.the_server_i_running()
  When I send a POST request to "/restaurants" with the following body: # Steps.OnlineFood.i_send_a_post_request_to_with_the_following_body(java.lang.String,io.cucumber.datatable.DataTable)
    | name        | address  | cuisineType | contactInfo |
    | Restaurant6 | Address6 | Cuisine6    | Contact6    |
  Then the response status should be 201                                # Steps.OnlineFood.the_response_status_should_be(int)
  And the response should contain the restaurant details                # Steps.OnlineFood.the_response_should_contain_the_restaurant_details()
]]></system-out>
  </testcase>
  <testcase name="Search Food by Name" classname="Online Food Delivery Management System API Testing" time="0.158">
    <system-out><![CDATA[
Scenario: Search Food by Name                                    # src/test/resources/Feature/Food.feature:35
  Given the server is running                                    # Steps.OnlineFood.the_server_i_running()
  When I send a GET request to "/foods/search?name=Food1"        # Steps.OnlineFood.i_send_a_get_request_to(java.lang.String)
  Then the response status should be 200                         # Steps.OnlineFood.the_response_status_should_be(int)
  And the response should contain food details with name "Food1" # Steps.OnlineFood.the_response_should_contain_food_details_with_name(java.lang.String)
]]></system-out>
  </testcase>
  <testcase name="Filter Food by Cuisine" classname="Online Food Delivery Management System API Testing" time="0.082">
    <system-out><![CDATA[
Scenario: Filter Food by Cuisine                                           # src/test/resources/Feature/Food.feature:40
  Given the server is running                                              # Steps.OnlineFood.the_server_i_running()
  When I send a GET request to "/foods/filter?cuisine=Cuisine2"            # Steps.OnlineFood.i_send_a_get_request_to(java.lang.String)
  Then the response status should be 200                                   # Steps.OnlineFood.the_response_status_should_be(int)
  And the response should contain food details with cuisineType "Cuisine2" # Steps.OnlineFood.the_response_should_contain_food_details_with_cuisine_type(java.lang.String)
]]></system-out>
  </testcase>
  <testcase name="Place a new order" classname="Online Food Delivery Management System API Testing" time="0.222">
    <system-out><![CDATA[
Scenario: Place a new order                                        # src/test/resources/Feature/Food.feature:46
  Given the server is running                                      # Steps.OnlineFood.the_server_i_running()
{"userId":20,"restaurantId":11,"foodItems":["Dosa", "Idly"],"totalPrice":90.0}
  Given I send a POST request to "/orders" with the order details  # Steps.OnlineFood.i_send_a_post_request_to_with_the_order_details(java.lang.String,io.cucumber.datatable.DataTable)
    | userId | restaurantId | foodItems  | totalPrice |
    | 20     | 11           | Dosa, Idly | 90.0       |
  Then the response status should be 201                           # Steps.OnlineFood.the_response_status_should_be(int)
{
    "id": 9
}
{
    "id": 9
}
  Then I should receive a JSON response with the new order details # Steps.OnlineFood.i_should_receive_a_json_response_with_the_new_order_details()
]]></system-out>
  </testcase>
  <testcase name="Get an order by ID" classname="Online Food Delivery Management System API Testing" time="0.364">
    <system-out><![CDATA[
Scenario: Get an order by ID                                                             # src/test/resources/Feature/Food.feature:54
  Given the server is running                                                            # Steps.OnlineFood.the_server_i_running()
  Given the server is running                                                            # Steps.OnlineFood.the_server_i_running()
  When I send a GET request to "/orders" with order ID 5                                 # Steps.OnlineFood.i_send_a_get_request_to_with_order_id(java.lang.String,int)
  Then the response status should be 200                                                 # Steps.OnlineFood.the_response_status_should_be(int)
  And the response should contain the order with userId 5, restaurantId 5, totalPrice 60 # Steps.OnlineFood.the_response_should_contain_the_order(int,int,double)
  And the response should include the food items                                         # Steps.OnlineFood.the_response_should_include_the_food_items(io.cucumber.datatable.DataTable)
    | Food9  |
    | Food10 |
]]></system-out>
  </testcase>
  <testcase name="Get restaurant details by ID" classname="Online Food Delivery Management System API Testing" time="0.05">
    <system-out><![CDATA[
Scenario: Get restaurant details by ID                             # src/test/resources/Feature/Food.feature:64
  Given the server is running                                      # Steps.OnlineFood.the_server_i_running()
  When I send a GET request to "/restaurants/5"                    # Steps.OnlineFood.i_send_a_get_request_to(java.lang.String)
  Then the response status should be 200                           # Steps.OnlineFood.the_response_status_should_be(int)
  And the response should contain the restaurant details with ID 5 # Steps.OnlineFood.the_response_should_contain_the_restaurant_details_with_id(int)
]]></system-out>
  </testcase>
  <testcase name="Successfully update user profile" classname="Online Food Delivery Management System API Testing" time="0.239">
    <system-out><![CDATA[
Scenario: Successfully update user profile                                                                 # src/test/resources/Feature/Food.feature:70
  Given the server is running                                                                              # Steps.OnlineFood.the_server_i_running()
  When I send a PUT request to "/users/4" with the username "newUsername" and email "newEmail@example.com" # Steps.OnlineFood.i_send_a_put_request_to_with_the_username_and_email(java.lang.String,java.lang.String,java.lang.String)
  Then the response status should be 200                                                                   # Steps.OnlineFood.the_response_status_should_be(int)
  And the response should contain updated username "newUsername" and email "newEmail@example.com"          # Steps.OnlineFood.the_response_should_contain_updated_username_and_email(java.lang.String,java.lang.String)
]]></system-out>
  </testcase>
  <testcase name="Delete user account" classname="Online Food Delivery Management System API Testing" time="0.069">
    <system-out><![CDATA[
Scenario: Delete user account                 # src/test/resources/Feature/Food.feature:75
  Given the server is running                 # Steps.OnlineFood.the_server_i_running()
  When I send a DELETE request to "/users/6"  # Steps.OnlineFood.i_send_a_delete_request_to(java.lang.String)
  Then the response status should be 204      # Steps.OnlineFood.the_response_status_should_be(int)
  And the user account should no longer exist # Steps.OnlineFood.the_user_account_should_no_longer_exist()
]]></system-out>
  </testcase>
</testsuite>